<?xml version="1.0" encoding="UTF-8"?>
<!-- Generated by org.testng.reporters.JUnitReportReporter -->
<testsuite hostname="Debasis-pc" failures="0" tests="10" name="testNG.PracticeDataProvider" time="0.023" errors="0" timestamp="2022-04-06T14:33:43 IST" skipped="0">
  <testcase classname="testNG.PracticeDataProvider" name="practiceDataProviderTest" time="0.003"/>
  <system-out>
    <![CDATA[admin9<---->password9]]>
  </system-out>
  <testcase classname="testNG.PracticeDataProvider" name="practiceDataProviderTest" time="0.001"/>
  <system-out>
    <![CDATA[admin4<---->password4]]>
  </system-out>
  <testcase classname="testNG.PracticeDataProvider" name="practiceDataProviderTest" time="0.003"/>
  <system-out>
    <![CDATA[admin10<---->password10]]>
  </system-out>
  <testcase classname="testNG.PracticeDataProvider" name="practiceDataProviderTest" time="0.002"/>
  <system-out>
    <![CDATA[admin3<---->password3]]>
  </system-out>
  <testcase classname="testNG.PracticeDataProvider" name="practiceDataProviderTest" time="0.001"/>
  <system-out>
    <![CDATA[admin5<---->password5]]>
  </system-out>
  <testcase classname="testNG.PracticeDataProvider" name="practiceDataProviderTest" time="0.002"/>
  <system-out>
    <![CDATA[admin2<---->password2]]>
  </system-out>
  <testcase classname="testNG.PracticeDataProvider" name="practiceDataProviderTest" time="0.003"/>
  <system-out>
    <![CDATA[admin7<---->password7]]>
  </system-out>
  <testcase classname="testNG.PracticeDataProvider" name="practiceDataProviderTest" time="0.006"/>
  <system-out>
    <![CDATA[admin1<---->password1]]>
  </system-out>
  <testcase classname="testNG.PracticeDataProvider" name="practiceDataProviderTest" time="0.001"/>
  <system-out>
    <![CDATA[admin6<---->password6]]>
  </system-out>
  <testcase classname="testNG.PracticeDataProvider" name="practiceDataProviderTest" time="0.001"/>
  <system-out>
    <![CDATA[admin8<---->password8]]>
  </system-out>
</testsuite> <!-- testNG.PracticeDataProvider -->
