<?xml version="1.0" encoding="UTF-8"?>
<!-- Generated by org.testng.reporters.JUnitReportReporter -->
<testsuite hostname="Debasis-pc" failures="0" tests="1" name="com.crm.vtiger.CreateContactTest" time="37.704" errors="0" timestamp="2022-04-12T13:29:38 IST" skipped="0">
  <testcase classname="com.crm.vtiger.CreateContactTest" name="createContact" time="37.704"/>
  <system-out>
    <![CDATA[Testcase failed]]>
  </system-out>
</testsuite> <!-- com.crm.vtiger.CreateContactTest -->
