<?xml version="1.0" encoding="UTF-8"?>
<!-- Generated by org.testng.reporters.JUnitReportReporter -->
<testsuite hostname="Debasis-pc" failures="0" tests="10" name="com.crm.Practice.practice" time="0.024" errors="0" timestamp="2022-04-06T13:03:18 IST" skipped="0">
  <testcase classname="com.crm.Practice.practice" name="practiceTest" time="0.005"/>
  <system-out/>
  <testcase classname="com.crm.Practice.practice" name="practiceTest" time="0.001"/>
  <system-out/>
  <testcase classname="com.crm.Practice.practice" name="practiceTest" time="0.003"/>
  <system-out/>
  <testcase classname="com.crm.Practice.practice" name="practiceTest" time="0.002"/>
  <system-out/>
  <testcase classname="com.crm.Practice.practice" name="practiceTest" time="0.001"/>
  <system-out/>
  <testcase classname="com.crm.Practice.practice" name="practiceTest" time="0.001"/>
  <system-out/>
  <testcase classname="com.crm.Practice.practice" name="practiceTest" time="0.001"/>
  <system-out/>
  <testcase classname="com.crm.Practice.practice" name="practiceTest" time="0.005"/>
  <system-out/>
  <testcase classname="com.crm.Practice.practice" name="practiceTest" time="0.004"/>
  <system-out/>
  <testcase classname="com.crm.Practice.practice" name="practiceTest" time="0.001"/>
  <system-out/>
</testsuite> <!-- com.crm.Practice.practice -->
