<?xml version="1.0" encoding="UTF-8"?>
<!-- Generated by org.testng.reporters.JUnitReportReporter -->
<testsuite hostname="Debasis-pc" failures="0" tests="1" name="testNG.trail" time="0.008" errors="0" timestamp="2022-04-05T15:00:35 IST" skipped="0">
  <testcase classname="testNG.trail" name="trail" time="0.008"/>
  <system-out/>
</testsuite> <!-- testNG.trail -->
