<?xml version="1.0" encoding="UTF-8"?>
<!-- Generated by org.testng.reporters.JUnitReportReporter -->
<testsuite hostname="Debasis-pc" failures="0" tests="1" name="com.crm.vtiger.CreateContactWithOrgTest" time="37.894" errors="0" timestamp="2022-04-07T15:06:48 IST" skipped="0">
  <testcase classname="com.crm.vtiger.CreateContactWithOrgTest" name="createOrgWithIndustryTest" time="37.894"/>
  <system-out/>
</testsuite> <!-- com.crm.vtiger.CreateContactWithOrgTest -->
