<?xml version="1.0" encoding="UTF-8"?>
<!-- Generated by org.testng.reporters.JUnitReportReporter -->
<testsuite hostname="Debasis-pc" failures="0" tests="2" name="testNG.practiceTest" time="0.008" errors="0" timestamp="2022-04-05T15:21:50 IST" skipped="0">
  <testcase classname="testNG.practiceTest" name="Test2" time="0.002"/>
  <system-out>
    <![CDATA[This is 2nd test from test]]>
  </system-out>
  <testcase classname="testNG.practiceTest" name="Test1" time="0.006"/>
  <system-out>
    <![CDATA[This is 1st test from test]]>
  </system-out>
</testsuite> <!-- testNG.practiceTest -->
