<?xml version="1.0" encoding="UTF-8"?>
<!-- Generated by org.testng.reporters.JUnitReportReporter -->
<testsuite skipped="0" hostname="Debasis-pc" name="com.crm.vtiger.CreateContactTest" tests="1" failures="0" timestamp="12 Apr 2022 10:09:25 GMT" time="19.369" errors="0">
  <testcase name="createContact" time="19.369" classname="com.crm.vtiger.CreateContactTest"/>
</testsuite> <!-- com.crm.vtiger.CreateContactTest -->
