<?xml version="1.0" encoding="UTF-8"?>
<!-- Generated by org.testng.reporters.JUnitReportReporter -->
<testsuite skipped="0" hostname="Debasis-pc" name="com.crm.vtiger.CreateOrgTest" tests="1" failures="0" timestamp="12 Apr 2022 10:11:11 GMT" time="19.251" errors="0">
  <testcase name="createOrgTest" time="19.251" classname="com.crm.vtiger.CreateOrgTest"/>
</testsuite> <!-- com.crm.vtiger.CreateOrgTest -->
