<?xml version="1.0" encoding="UTF-8"?>
<!-- Generated by org.testng.reporters.JUnitReportReporter -->
<testsuite skipped="0" hostname="Debasis-pc" name="com.crm.vtiger.CreateContactWithOrgTest" tests="1" failures="0" timestamp="12 Apr 2022 10:09:25 GMT" time="31.577" errors="0">
  <testcase name="createOrgWithIndustryTest" time="31.577" classname="com.crm.vtiger.CreateContactWithOrgTest"/>
</testsuite> <!-- com.crm.vtiger.CreateContactWithOrgTest -->
