<?xml version="1.0" encoding="UTF-8"?>
<!-- Generated by org.testng.reporters.JUnitReportReporter -->
<testsuite skipped="0" hostname="Debasis-pc" name="com.crm.vtiger.CreateOrgWithIndustryTest" tests="1" failures="0" timestamp="12 Apr 2022 10:11:11 GMT" time="22.993" errors="0">
  <testcase name="createOrgWithIndustryTest" time="22.993" classname="com.crm.vtiger.CreateOrgWithIndustryTest"/>
</testsuite> <!-- com.crm.vtiger.CreateOrgWithIndustryTest -->
